<?xml version="1.0" encoding="utf-8"?><testsuites name="pytest tests"><testsuite name="pytest" errors="0" failures="1" skipped="0" tests="96" time="30.686" timestamp="2026-09-04T15:12:16.157507+00:00" hostname="agent-env-c393aa21-bf85-4a34-89db-451e4816e8c7"><testcase classname="tests.backend_test.TestAuth" name="test_login_admin" time="0.799" /><testcase classname="tests.backend_test.TestIter5CalendarValidation" name="test_non_iso_date_422" time="0.796" /><testcase classname="tests.backend_test.TestIter5CalendarValidation" name="test_bad_recurrence_end_422" time="0.080" /><testcase classname="tests.backend_test.TestIter5CalendarValidation" name="test_negative_durata_422" time="0.254" /><testcase classname="tests.backend_test.TestIter5CalendarValidation" name="test_zero_capacita_422" time="0.081" /><testcase classname="tests.backend_test.TestAuth" name="test_me" time="0.413" /><testcase classname="tests.backend_test.TestIter5CalendarValidation" name="test_negative_capacita_422" time="0.050" /><testcase classname="tests.backend_test.TestAuth" name="test_login_wrong_password" time="0.355" /><testcase classname="tests.backend_test.TestIter5CalendarValidation" name="test_no_slot_created_after_invalid_payloads" time="0.077" /><testcase classname="tests.backend_test.TestIter5CalendarValidation" name="test_valid_payload_still_works" time="0.307" /><testcase classname="tests.backend_test.TestAuth" name="test_unauthenticated_401" time="0.093" /><testcase classname="tests.backend_test.TestIter6LibroSociPdf" name="test_pdf_unauthenticated_401" time="0.320" /><testcase classname="tests.backend_test.TestAuth" name="test_bearer_token_auth" time="0.403" /><testcase classname="tests.backend_test.TestIter6LibroSociPdf" name="test_admin_pdf_valid_and_headers" time="0.330" /><testcase classname="tests.backend_test.TestAuth" name="test_bcrypt_hash_format" time="0.016" /><testcase classname="tests.backend_test.TestAuth" name="test_brute_force_lockout" time="1.197" /><testcase classname="tests.backend_test.TestIter6LibroSociPdf" name="test_pdf_default_anno" time="0.198" /><testcase classname="tests.backend_test.TestIter6LibroSociPdf" name="test_pdf_stats_match_json" time="0.216" /><testcase classname="tests.backend_test.TestIter6LibroSociPdf" name="test_tecnico_pdf_scoped_to_own_tesserati" time="1.075" /><testcase classname="tests.backend_test.TestAuth" name="test_brute_force_lockout_admin_email" time="4.512" /><testcase classname="tests.backend_test.TestIter6LibroSociPdf" name="test_pdf_anno_without_data_still_valid" time="0.171" /><testcase classname="tests.backend_test.TestPdf" name="test_ricevuta_pdf_with_cookie_and_without" time="0.625" /><testcase classname="tests.backend_test.TestPdf" name="test_bilancio_pdf" time="0.056" /><testcase classname="tests.backend_test.TestPdf" name="test_bilancio_json" time="0.044" /><testcase classname="tests.backend_test.TestPdf" name="test_bilancio_missing_params_422" time="0.126" /><testcase classname="tests.backend_test.TestPdf" name="test_pdf_resilient_to_corrupt_images" time="1.249" /><testcase classname="tests.backend_test.TestIter5ErogaValidation" name="test_negative_importo_422" time="0.857" /><testcase classname="tests.backend_test.TestIter5ErogaValidation" name="test_zero_importo_422" time="0.866" /><testcase classname="tests.backend_test.TestIter5ErogaValidation" name="test_eroga_to_admin_422" time="0.317" /><testcase classname="tests.backend_test.TestAuth" name="test_logout" time="0.474" /><testcase classname="tests.backend_test.TestIter5ErogaValidation" name="test_no_side_effects_from_invalid_eroga" time="0.082" /><testcase classname="tests.backend_test.TestIter5ErogaValidation" name="test_valid_eroga_still_200" time="1.148" /><testcase classname="tests.backend_test.TestLezioniCollettive" name="test_multi_partecipanti_decrement" time="2.307" /><testcase classname="tests.backend_test.TestRicevutaNumerazione" name="test_delete_last_decrements_counter" time="0.625"><failure message="AssertionError: assert 91 == (87 + 3)&#10; +  where 91 = int('00091')">self = &lt;backend_test.TestRicevutaNumerazione object at 0xf93a27847dd0&gt;
admin = &lt;requests.sessions.Session object at 0xf93a2797bc50&gt;
mk_tesserato = &lt;function mk_tesserato.&lt;locals&gt;._mk at 0xf93a2c082160&gt;

    def test_delete_last_decrements_counter(self, admin, mk_tesserato):
        t = mk_tesserato()
        r1 = mk_ricevuta(admin, t["id"], data="2026-05-01")
        r2 = mk_ricevuta(admin, t["id"], data="2026-05-02")
        r3 = mk_ricevuta(admin, t["id"], data="2026-05-03")
        for r in (r1, r2, r3):
            assert r.status_code in (200, 201), r.text[:300]
        d1, d2, d3 = r1.json(), r2.json(), r3.json()
        n1 = int(d1["numero"].split("/")[1])
        assert re.match(r"^2026/\d{5}$", d1["numero"]), d1["numero"]
        assert int(d2["numero"].split("/")[1]) == n1 + 1
        assert int(d3["numero"].split("/")[1]) == n1 + 2
        movs_before = [m for m in admin.get(f"{API}/movimenti", timeout=30).json()
                       if m.get("ricevuta_id") == d3["id"]]
        assert len(movs_before) == 1
    
        # DELETE last -&gt; reusable + physical
        de = admin.delete(f"{API}/ricevute/{d3['id']}", timeout=30)
        assert de.status_code == 200, de.text[:300]
        assert de.json().get("numero_riutilizzabile") is True, de.json()
        assert admin.get(f"{API}/ricevute/{d3['id']}", timeout=30).status_code == 404
        assert not [m for m in admin.get(f"{API}/movimenti", timeout=30).json()
                    if m.get("ricevuta_id") == d3["id"]]
        # next receipt reuses number
        r4 = mk_ricevuta(admin, t["id"], data="2026-05-04")
        d4 = r4.json()
        assert int(d4["numero"].split("/")[1]) == n1 + 2, (d3["numero"], d4["numero"])
    
        # DELETE a NON-last one -&gt; no decrement
        de2 = admin.delete(f"{API}/ricevute/{d1['id']}", timeout=30)
        assert de2.status_code == 200
        assert de2.json().get("numero_riutilizzabile") is False, de2.json()
        r5 = mk_ricevuta(admin, t["id"], data="2026-05-05")
&gt;       assert int(r5.json()["numero"].split("/")[1]) == n1 + 3
E       AssertionError: assert 91 == (87 + 3)
E        +  where 91 = int('00091')

tests/backend_test.py:484: AssertionError</failure></testcase><testcase classname="tests.backend_test.TestRicevutaNumerazione" name="test_delete_nonexistent_404" time="0.036" /><testcase classname="tests.backend_test.TestRicevutaNumerazione" name="test_numero_riutilizzabile_is_bool_without_counter" time="0.225" /><testcase classname="tests.backend_test.TestRicevutaNumerazione" name="test_tecnico_cannot_delete" time="0.944" /><testcase classname="tests.backend_test.TestLezioniCollettive" name="test_abbonamento_esaurito_400" time="0.544" /><testcase classname="tests.backend_test.TestLezioniCollettive" name="test_lezione_no_partecipanti_400" time="0.038" /><testcase classname="tests.backend_test.TestLezioniCollettive" name="test_lezione_invalid_abbonamento_404" time="0.042" /><testcase classname="tests.backend_test.TestLezioniCollettive" name="test_storico_invalid_404" time="0.084" /><testcase classname="tests.backend_test.TestMovimenti" name="test_crud_and_filter" time="0.442" /><testcase classname="tests.backend_test.TestCalendario" name="test_recurrence_creates_weekly_slots" time="0.350" /><testcase classname="tests.backend_test.TestCalendario" name="test_single_slot_crud" time="0.595" /><testcase classname="tests.backend_test.TestMovimenti" name="test_riepilogo_mensile" time="0.205" /><testcase classname="tests.backend_test.TestMovimenti" name="test_riepilogo_missing_year_422" time="0.078" /><testcase classname="tests.backend_test.TestMovimenti" name="test_tecnico_movimenti_filtered" time="1.690" /><testcase classname="tests.backend_test.TestCalendario" name="test_tecnico_cannot_create_for_other" time="1.462" /><testcase classname="tests.backend_test.TestIter6BackendHealth" name="test_pdf_utils_imports_all_generators" time="0.054" /><testcase classname="tests.backend_test.TestCalendario" name="test_tecnico_cannot_edit_other_slot" time="0.894" /><testcase classname="tests.backend_test.TestIter6BackendHealth" name="test_auth_me_unauthenticated_401" time="0.283" /><testcase classname="tests.backend_test.TestIter6BackendHealth" name="test_root_no_500" time="0.090" /><testcase classname="tests.backend_test.TestIter6BackendHealth" name="test_organizzazione_president_name" time="0.216" /><testcase classname="tests.backend_test.TestTesserati" name="test_numero_tessera_crud" time="0.599" /><testcase classname="tests.backend_test.TestUsers" name="test_tecnico_can_list_users" time="0.662" /><testcase classname="tests.backend_test.TestTesserati" name="test_numero_tessera_optional" time="0.260" /><testcase classname="tests.backend_test.TestTesserati" name="test_bad_id_400" time="0.091" /><testcase classname="tests.backend_test.TestUsers" name="test_duplicate_email_409" time="1.003" /><testcase classname="tests.backend_test.TestRicevutaAttribuzione" name="test_admin_attributes_to_tecnico" time="2.702" /><testcase classname="tests.backend_test.TestUsers" name="test_role_protection" time="1.200" /><testcase classname="tests.backend_test.TestPublicReceiptPdf" name="test_public_pdf_unauthenticated" time="0.262" /><testcase classname="tests.backend_test.TestPublicReceiptPdf" name="test_public_pdf_invalid_token_404" time="0.115" /><testcase classname="tests.backend_test.TestPublicReceiptPdf" name="test_public_pdf_after_delete_404" time="0.473" /><testcase classname="tests.backend_test.TestRicevutaAttribuzione" name="test_tecnico_cannot_attribute_to_other" time="1.463" /><testcase classname="tests.backend_test.TestSendTracking" name="test_email_tracking_fields" time="1.105" /><testcase classname="tests.backend_test.TestSendTracking" name="test_mark_whatsapp_and_link" time="0.833" /><testcase classname="tests.backend_test.TestRicevutaAttribuzione" name="test_create_invalid_tesserato_404" time="0.082" /><testcase classname="tests.backend_test.TestErogazioneCompensi" name="test_eroga_creates_movimento_and_record" time="1.261" /><testcase classname="tests.backend_test.TestSendTracking" name="test_mark_whatsapp_404" time="0.083" /><testcase classname="tests.backend_test.TestExcelExport" name="test_export_excel_admin" time="0.071" /><testcase classname="tests.backend_test.TestExcelExport" name="test_export_excel_forbidden_for_tecnico" time="0.844" /><testcase classname="tests.backend_test.TestErogazioneCompensi" name="test_eroga_requires_admin_and_valid_tecnico" time="0.979" /><testcase classname="tests.backend_test.TestExcelExport" name="test_export_excel_unauthenticated" time="0.356" /><testcase classname="tests.backend_test.TestIter5PresidentName" name="test_get_organizzazione_president_name" time="0.040" /><testcase classname="tests.backend_test.TestIter5PresidentName" name="test_president_name_in_receipt_pdf" time="0.699" /><testcase classname="tests.backend_test.TestErogazioneCompensi" name="test_erogati_scoped_for_tecnico" time="0.651" /><testcase classname="tests.backend_test.TestIter5PresidentName" name="test_migration_recreates_correct_name_on_fresh_doc" time="0.101" /><testcase classname="tests.backend_test.TestCors" name="test_cors_app_level_explicit_origin" time="0.002" /><testcase classname="tests.backend_test.TestCors" name="test_cors_public_url_headers" time="0.092" /><testcase classname="tests.backend_test.TestTipiPacchetto" name="test_list_not_empty_and_shape" time="0.100" /><testcase classname="tests.backend_test.TestDashboard" name="test_admin_dashboard" time="0.038" /><testcase classname="tests.backend_test.TestDashboard" name="test_tecnico_dashboard_scoped" time="1.002" /><testcase classname="tests.backend_test.TestTipiPacchetto" name="test_esclude_da_compensi_flag" time="0.691" /><testcase classname="tests.backend_test.TestPrenotazioni" name="test_prenota_flow" time="0.535" /><testcase classname="tests.backend_test.TestLibroSoci" name="test_libro_soci_states_and_quota" time="0.411" /><testcase classname="tests.backend_test.TestPrenotazioni" name="test_prenota_invalid_ids" time="0.479" /><testcase classname="tests.backend_test.TestLibroSoci" name="test_libro_soci_default_anno_and_tecnico_scope" time="0.821" /><testcase classname="tests.backend_test.TestIter5CancelPrenotazione" name="test_cancel_not_booked_404_then_booked_200" time="0.704" /><testcase classname="tests.backend_test.TestIter6PdfRegression" name="test_ricevuta_pdf_still_works" time="0.221" /><testcase classname="tests.backend_test.TestIter5CancelPrenotazione" name="test_cancel_unknown_slot_404" time="0.092" /><testcase classname="tests.backend_test.TestIter6PdfRegression" name="test_bilancio_pdf_still_works" time="0.074" /><testcase classname="tests.backend_test.TestOrganizzazione" name="test_signature_and_logo" time="1.273" /><testcase classname="tests.backend_test.TestCompensi" name="test_item_exclusion_math" time="1.326" /><testcase classname="tests.backend_test.TestEmail" name="test_send_email_with_pdf" time="0.664" /><testcase classname="tests.backend_test.TestPresidentName" name="test_president_name_is_set" time="2.804" /><testcase classname="tests.backend_test.TestIter5PrenotaAsync" name="test_five_bookings_under_2s_each" time="2.202" /></testsuite></testsuites>