<?xml version="1.0" encoding="utf-8"?><testsuites name="pytest tests"><testsuite name="pytest" errors="0" failures="0" skipped="0" tests="40" time="21.955" timestamp="2026-09-03T19:42:21.426061+00:00" hostname="agent-env-c393aa21-bf85-4a34-89db-451e4816e8c7"><testcase classname="tests.iter7_test.TestCounters" name="test_get_counter" time="0.614" /><testcase classname="tests.iter7_test.TestCounters" name="test_get_counter_unauthenticated" time="0.196" /><testcase classname="tests.iter7_test.TestCounters" name="test_patch_counter_then_next_receipt_number" time="0.498" /><testcase classname="tests.iter7_test.TestCounters" name="test_patch_counter_negative_rejected" time="0.072" /><testcase classname="tests.iter7_test.TestCounters" name="test_patch_counter_tecnico_forbidden" time="0.666" /><testcase classname="tests.iter7_test.TestVerbaliCrud" name="test_full_crud" time="0.571" /><testcase classname="tests.iter7_test.TestVerbaliCrud" name="test_list_excludes_heavy_allegato" time="0.300" /><testcase classname="tests.iter7_test.TestVerbaliCrud" name="test_tecnico_cannot_write" time="0.938" /><testcase classname="tests.iter7_test.TestVerbaliCrud" name="test_unauthenticated_blocked" time="0.160" /><testcase classname="tests.iter7_test.TestVerbaliCrud" name="test_invalid_tipo_rejected" time="0.079" /><testcase classname="tests.iter7_test.TestVerbaliCrud" name="test_get_invalid_id" time="0.076" /><testcase classname="tests.iter7_test.TestVerbalePdf" name="test_pdf_content" time="0.202" /><testcase classname="tests.iter7_test.TestVerbalePdf" name="test_pdf_404" time="0.074" /><testcase classname="tests.iter7_test.TestVerbalePdf" name="test_pdf_unauthenticated" time="0.222" /><testcase classname="tests.iter7_test.TestCompensoPdf" name="test_pdf_as_admin" time="0.906" /><testcase classname="tests.iter7_test.TestCompensoPdf" name="test_pdf_as_own_tecnico" time="0.057" /><testcase classname="tests.iter7_test.TestCompensoPdf" name="test_pdf_other_tecnico_forbidden" time="0.670" /><testcase classname="tests.iter7_test.TestCompensoPdf" name="test_pdf_unauthenticated" time="0.119" /><testcase classname="tests.iter7_test.TestCompensoPdf" name="test_pdf_404" time="0.039" /><testcase classname="tests.iter7_test.TestCompensoPdf" name="test_erogati_tecnico_sees_only_own" time="0.705" /><testcase classname="tests.iter7_test.TestPortaleDashboard" name="test_create_returns_portale_token" time="0.074" /><testcase classname="tests.iter7_test.TestPortaleDashboard" name="test_dashboard_unauthenticated" time="0.157" /><testcase classname="tests.iter7_test.TestPortaleDashboard" name="test_dashboard_abbonamenti_lezioni_residue" time="0.286" /><testcase classname="tests.iter7_test.TestPortaleDashboard" name="test_invalid_token_404" time="0.236" /><testcase classname="tests.iter7_test.TestPortaleRicevute" name="test_only_own_and_not_annullate" time="0.755" /><testcase classname="tests.iter7_test.TestPortaleRicevute" name="test_pdf_download_and_isolation" time="0.761" /><testcase classname="tests.iter7_test.TestPortaleRicevute" name="test_pdf_after_delete_returns_404" time="0.305" /><testcase classname="tests.iter7_test.TestPortaleCalendario" name="test_window_and_flags" time="0.266" /><testcase classname="tests.iter7_test.TestPortaleCalendario" name="test_prenota_flow" time="0.549" /><testcase classname="tests.iter7_test.TestPortaleCalendario" name="test_calendario_500_when_slot_has_prenotazione" time="0.540" /><testcase classname="tests.iter7_test.TestPortaleCalendario" name="test_prenota_beyond_3_weeks_rejected" time="0.205" /><testcase classname="tests.iter7_test.TestPortaleCalendario" name="test_prenota_full_slot" time="0.430" /><testcase classname="tests.iter7_test.TestPortaleCalendario" name="test_prenota_bad_token_and_slot" time="0.307" /><testcase classname="tests.iter7_test.TestCronSolleciti" name="test_no_auth_header" time="0.103" /><testcase classname="tests.iter7_test.TestCronSolleciti" name="test_wrong_secret" time="0.078" /><testcase classname="tests.iter7_test.TestCronSolleciti" name="test_non_bearer_scheme" time="0.083" /><testcase classname="tests.iter7_test.TestCronSolleciti" name="test_valid_secret_acks" time="0.160" /><testcase classname="tests.iter7_test.TestCronSolleciti" name="test_functional_reminder_recorded_and_idempotent" time="7.264" /><testcase classname="tests.iter7_test.TestPortaleTokenMigration" name="test_all_tesserati_have_token" time="0.004" /><testcase classname="tests.iter7_test.TestPortaleTokenMigration" name="test_tokens_are_unique" time="2.160" /></testsuite></testsuites>