<?xml version="1.0" encoding="utf-8"?><testsuites name="pytest tests"><testsuite name="pytest" errors="0" failures="0" skipped="0" tests="44" time="24.048" timestamp="2026-09-03T21:24:44.166068+00:00" hostname="agent-env-c393aa21-bf85-4a34-89db-451e4816e8c7"><testcase classname="tests.iter7_test.TestCounters" name="test_get_counter" time="0.526" /><testcase classname="tests.iter7_test.TestCounters" name="test_get_counter_unauthenticated" time="0.224" /><testcase classname="tests.iter7_test.TestCounters" name="test_patch_counter_then_next_receipt_number" time="0.508" /><testcase classname="tests.iter7_test.TestCounters" name="test_patch_counter_negative_rejected" time="0.081" /><testcase classname="tests.iter7_test.TestCounters" name="test_patch_counter_tecnico_forbidden" time="0.683" /><testcase classname="tests.iter7_test.TestVerbaliCrud" name="test_full_crud" time="0.581" /><testcase classname="tests.iter7_test.TestVerbaliCrud" name="test_list_excludes_heavy_allegato" time="0.315" /><testcase classname="tests.iter7_test.TestVerbaliCrud" name="test_tecnico_cannot_write" time="0.862" /><testcase classname="tests.iter7_test.TestVerbaliCrud" name="test_unauthenticated_blocked" time="0.167" /><testcase classname="tests.iter7_test.TestVerbaliCrud" name="test_invalid_tipo_rejected" time="0.078" /><testcase classname="tests.iter7_test.TestVerbaliCrud" name="test_get_invalid_id" time="0.081" /><testcase classname="tests.iter7_test.TestVerbalePdf" name="test_pdf_content" time="0.291" /><testcase classname="tests.iter7_test.TestVerbalePdf" name="test_pdf_404" time="0.080" /><testcase classname="tests.iter7_test.TestVerbalePdf" name="test_pdf_unauthenticated" time="0.186" /><testcase classname="tests.iter7_test.TestCompensoPdf" name="test_pdf_as_admin" time="0.930" /><testcase classname="tests.iter7_test.TestCompensoPdf" name="test_pdf_as_own_tecnico" time="0.044" /><testcase classname="tests.iter7_test.TestCompensoPdf" name="test_pdf_other_tecnico_forbidden" time="0.706" /><testcase classname="tests.iter7_test.TestCompensoPdf" name="test_pdf_unauthenticated" time="0.071" /><testcase classname="tests.iter7_test.TestCompensoPdf" name="test_pdf_404" time="0.043" /><testcase classname="tests.iter7_test.TestCompensoPdf" name="test_erogati_tecnico_sees_only_own" time="0.702" /><testcase classname="tests.iter7_test.TestPortaleDashboard" name="test_create_returns_portale_token" time="0.079" /><testcase classname="tests.iter7_test.TestPortaleDashboard" name="test_dashboard_unauthenticated" time="0.201" /><testcase classname="tests.iter7_test.TestPortaleDashboard" name="test_dashboard_abbonamenti_lezioni_residue" time="0.297" /><testcase classname="tests.iter7_test.TestPortaleDashboard" name="test_invalid_token_404" time="0.213" /><testcase classname="tests.iter7_test.TestPortaleRicevute" name="test_only_own_and_not_annullate" time="0.720" /><testcase classname="tests.iter7_test.TestPortaleRicevute" name="test_pdf_download_and_isolation" time="0.737" /><testcase classname="tests.iter7_test.TestPortaleRicevute" name="test_pdf_after_delete_returns_404" time="0.307" /><testcase classname="tests.iter7_test.TestPortaleCalendario" name="test_window_and_flags" time="0.304" /><testcase classname="tests.iter7_test.TestPortaleCalendario" name="test_prenota_flow" time="0.434" /><testcase classname="tests.iter7_test.TestPortaleCalendario" name="test_calendario_500_when_slot_has_prenotazione" time="0.292" /><testcase classname="tests.iter7_test.TestPortaleCalendario" name="test_prenota_beyond_3_weeks_rejected" time="0.189" /><testcase classname="tests.iter7_test.TestPortaleCalendario" name="test_prenota_full_slot" time="0.430" /><testcase classname="tests.iter7_test.TestPortaleCalendario" name="test_prenota_bad_token_and_slot" time="0.316" /><testcase classname="tests.iter7_test.TestCronSolleciti" name="test_no_auth_header" time="0.067" /><testcase classname="tests.iter7_test.TestCronSolleciti" name="test_wrong_secret" time="0.070" /><testcase classname="tests.iter7_test.TestCronSolleciti" name="test_non_bearer_scheme" time="0.068" /><testcase classname="tests.iter7_test.TestCronSolleciti" name="test_valid_secret_acks" time="0.092" /><testcase classname="tests.iter7_test.TestCronSolleciti" name="test_functional_reminder_recorded_and_idempotent" time="7.214" /><testcase classname="tests.iter7_test.TestPortaleTokenMigration" name="test_all_tesserati_have_token" time="0.003" /><testcase classname="tests.iter7_test.TestPortaleTokenMigration" name="test_tokens_are_unique" time="0.002" /><testcase classname="tests.iter8_test.TestPortaleCalendarioFix" name="test_calendario_200_and_flags_before_and_after_booking" time="0.786" /><testcase classname="tests.iter8_test.TestPortaleCalendarioFix" name="test_gia_prenotato_isolated_between_tesserati" time="0.437" /><testcase classname="tests.iter8_test.TestPortaleCalendarioFix" name="test_calendario_after_cancel_flag_resets" time="0.502" /><testcase classname="tests.iter8_test.TestPortaleCalendarioFix" name="test_calendario_bad_token_404" time="2.997" /></testsuite></testsuites>