<?xml version="1.0" encoding="utf-8"?><testsuites name="pytest tests"><testsuite name="pytest" errors="0" failures="3" skipped="0" tests="104" time="49.815" timestamp="2026-09-03T21:25:17.296138+00:00" hostname="agent-env-c393aa21-bf85-4a34-89db-451e4816e8c7"><testcase classname="tests.backend_test.TestAuth" name="test_login_admin" time="0.433" /><testcase classname="tests.backend_test.TestAuth" name="test_me" time="0.482" /><testcase classname="tests.backend_test.TestAuth" name="test_login_wrong_password" time="0.298" /><testcase classname="tests.backend_test.TestAuth" name="test_unauthenticated_401" time="0.067" /><testcase classname="tests.backend_test.TestAuth" name="test_bearer_token_auth" time="0.407" /><testcase classname="tests.backend_test.TestAuth" name="test_bcrypt_hash_format" time="0.015" /><testcase classname="tests.backend_test.TestAuth" name="test_brute_force_lockout" time="0.440" /><testcase classname="tests.backend_test.TestAuth" name="test_brute_force_lockout_admin_email" time="2.014" /><testcase classname="tests.backend_test.TestAuth" name="test_logout" time="0.426" /><testcase classname="tests.backend_test.TestCors" name="test_cors_app_level_explicit_origin" time="0.002" /><testcase classname="tests.backend_test.TestCors" name="test_cors_public_url_headers" time="0.109" /><testcase classname="tests.backend_test.TestUsers" name="test_tecnico_can_list_users" time="0.632" /><testcase classname="tests.backend_test.TestUsers" name="test_duplicate_email_409" time="0.632" /><testcase classname="tests.backend_test.TestUsers" name="test_role_protection" time="0.794" /><testcase classname="tests.backend_test.TestTesserati" name="test_numero_tessera_crud" time="0.343" /><testcase classname="tests.backend_test.TestTesserati" name="test_numero_tessera_optional" time="0.042" /><testcase classname="tests.backend_test.TestTesserati" name="test_bad_id_400" time="0.053" /><testcase classname="tests.backend_test.TestOrganizzazione" name="test_signature_and_logo" time="0.845" /><testcase classname="tests.backend_test.TestTipiPacchetto" name="test_list_not_empty_and_shape" time="0.048" /><testcase classname="tests.backend_test.TestTipiPacchetto" name="test_esclude_da_compensi_flag" time="0.278" /><testcase classname="tests.backend_test.TestRicevutaAttribuzione" name="test_admin_attributes_to_tecnico" time="1.795" /><testcase classname="tests.backend_test.TestRicevutaAttribuzione" name="test_tecnico_cannot_attribute_to_other" time="1.429" /><testcase classname="tests.backend_test.TestRicevutaAttribuzione" name="test_create_invalid_tesserato_404" time="0.040" /><testcase classname="tests.backend_test.TestCompensi" name="test_item_exclusion_math" time="1.009" /><testcase classname="tests.backend_test.TestRicevutaNumerazione" name="test_delete_last_decrements_counter" time="1.180" /><testcase classname="tests.backend_test.TestRicevutaNumerazione" name="test_delete_nonexistent_404" time="0.048" /><testcase classname="tests.backend_test.TestRicevutaNumerazione" name="test_numero_riutilizzabile_is_bool_without_counter" time="0.156" /><testcase classname="tests.backend_test.TestRicevutaNumerazione" name="test_tecnico_cannot_delete" time="1.164" /><testcase classname="tests.backend_test.TestPdf" name="test_ricevuta_pdf_with_cookie_and_without" time="0.529" /><testcase classname="tests.backend_test.TestPdf" name="test_bilancio_pdf" time="0.056" /><testcase classname="tests.backend_test.TestPdf" name="test_bilancio_json" time="0.040" /><testcase classname="tests.backend_test.TestPdf" name="test_bilancio_missing_params_422" time="0.041" /><testcase classname="tests.backend_test.TestPdf" name="test_pdf_resilient_to_corrupt_images" time="2.497" /><testcase classname="tests.backend_test.TestLezioniCollettive" name="test_multi_partecipanti_decrement" time="2.447" /><testcase classname="tests.backend_test.TestLezioniCollettive" name="test_abbonamento_esaurito_400" time="0.400" /><testcase classname="tests.backend_test.TestLezioniCollettive" name="test_lezione_no_partecipanti_400" time="0.045" /><testcase classname="tests.backend_test.TestLezioniCollettive" name="test_lezione_invalid_abbonamento_404" time="0.083" /><testcase classname="tests.backend_test.TestLezioniCollettive" name="test_storico_invalid_404" time="0.044" /><testcase classname="tests.backend_test.TestMovimenti" name="test_crud_and_filter" time="1.220" /><testcase classname="tests.backend_test.TestMovimenti" name="test_riepilogo_mensile" time="0.169" /><testcase classname="tests.backend_test.TestMovimenti" name="test_riepilogo_missing_year_422" time="0.083" /><testcase classname="tests.backend_test.TestMovimenti" name="test_tecnico_movimenti_filtered" time="0.974" /><testcase classname="tests.backend_test.TestDashboard" name="test_admin_dashboard" time="0.049" /><testcase classname="tests.backend_test.TestDashboard" name="test_tecnico_dashboard_scoped" time="0.862" /><testcase classname="tests.backend_test.TestEmail" name="test_send_email_with_pdf" time="0.442"><failure message="AssertionError: 502: &lt;!DOCTYPE html&gt;&#10;  &lt;!--[if lt IE 7]&gt; &lt;html class=&quot;no-js ie6 oldie&quot; lang=&quot;en-US&quot;&gt; &lt;![endif]--&gt;&#10;  &lt;!--[if IE 7]&gt;    &lt;html class=&quot;no-js ie7 oldie&quot; lang=&quot;en-US&quot;&gt; &lt;![endif]--&gt;&#10;  &lt;!--[if IE 8]&gt;    &lt;html class=&quot;no-js ie8 oldie&quot; lang=&quot;en-US&quot;&gt; &lt;![endif]--&gt;&#10;  &lt;!--[if gt IE 8]&gt;&lt;!--&gt; &lt;html class=&quot;no-js&quot; lang=&quot;en-US&quot;&gt; &lt;!&#10;assert 502 == 200&#10; +  where 502 = &lt;Response [502]&gt;.status_code">self = &lt;backend_test.TestEmail object at 0xff24e4dbca10&gt;
admin = &lt;requests.sessions.Session object at 0xff24e3b05f90&gt;
mk_tesserato = &lt;function mk_tesserato.&lt;locals&gt;._mk at 0xff24e218a8e0&gt;

    def test_send_email_with_pdf(self, admin, mk_tesserato):
        t = mk_tesserato()
        d = mk_ricevuta(admin, t["id"], data="2026-06-20").json()
        try:
            e = admin.post(f"{API}/ricevute/{d['id']}/send-email",
                           json={"email": "delivered@resend.dev",
                                 "message": "Grazie e buona giornata"}, timeout=90)
&gt;           assert e.status_code == 200, f"{e.status_code}: {e.text[:300]}"
E           AssertionError: 502: &lt;!DOCTYPE html&gt;
E             &lt;!--[if lt IE 7]&gt; &lt;html class="no-js ie6 oldie" lang="en-US"&gt; &lt;![endif]--&gt;
E             &lt;!--[if IE 7]&gt;    &lt;html class="no-js ie7 oldie" lang="en-US"&gt; &lt;![endif]--&gt;
E             &lt;!--[if IE 8]&gt;    &lt;html class="no-js ie8 oldie" lang="en-US"&gt; &lt;![endif]--&gt;
E             &lt;!--[if gt IE 8]&gt;&lt;!--&gt; &lt;html class="no-js" lang="en-US"&gt; &lt;!
E           assert 502 == 200
E            +  where 502 = &lt;Response [502]&gt;.status_code

tests/backend_test.py:811: AssertionError</failure></testcase><testcase classname="tests.backend_test.TestPublicReceiptPdf" name="test_public_pdf_unauthenticated" time="0.282" /><testcase classname="tests.backend_test.TestPublicReceiptPdf" name="test_public_pdf_invalid_token_404" time="0.089" /><testcase classname="tests.backend_test.TestPublicReceiptPdf" name="test_public_pdf_after_delete_404" time="0.279" /><testcase classname="tests.backend_test.TestSendTracking" name="test_email_tracking_fields" time="0.823"><failure message="AssertionError: 502: &lt;!DOCTYPE html&gt;&#10;  &lt;!--[if lt IE 7]&gt; &lt;html class=&quot;no-js ie6 oldie&quot; lang=&quot;en-US&quot;&gt; &lt;![endif]--&gt;&#10;  &lt;!--[if IE 7]&gt;    &lt;html class=&quot;no-js ie7 oldie&quot; lang=&quot;en-US&quot;&gt; &lt;![endif]--&gt;&#10;  &lt;!--[if IE 8]&gt;    &lt;html class=&quot;no-js ie8 oldie&quot; lang=&quot;en-US&quot;&gt; &lt;![endif]--&gt;&#10;  &lt;!--[if gt IE 8]&gt;&lt;!--&gt; &lt;html class=&quot;no-js&quot; lang=&quot;en-US&quot;&gt; &lt;!&#10;assert 502 == 200&#10; +  where 502 = &lt;Response [502]&gt;.status_code">self = &lt;backend_test.TestSendTracking object at 0xff24e4dbda50&gt;
admin = &lt;requests.sessions.Session object at 0xff24e3b05f90&gt;
mk_tesserato = &lt;function mk_tesserato.&lt;locals&gt;._mk at 0xff24e218a8e0&gt;

    def test_email_tracking_fields(self, admin, mk_tesserato):
        t = mk_tesserato()
        d = mk_ricevuta(admin, t["id"], data="2026-04-04").json()
        try:
            assert d["last_sent_email_at"] is None and d["last_sent_email_to"] is None
            e = admin.post(f"{API}/ricevute/{d['id']}/send-email",
                           json={"email": "delivered@resend.dev"}, timeout=120)
&gt;           assert e.status_code == 200, f"{e.status_code}: {e.text[:300]}"
E           AssertionError: 502: &lt;!DOCTYPE html&gt;
E             &lt;!--[if lt IE 7]&gt; &lt;html class="no-js ie6 oldie" lang="en-US"&gt; &lt;![endif]--&gt;
E             &lt;!--[if IE 7]&gt;    &lt;html class="no-js ie7 oldie" lang="en-US"&gt; &lt;![endif]--&gt;
E             &lt;!--[if IE 8]&gt;    &lt;html class="no-js ie8 oldie" lang="en-US"&gt; &lt;![endif]--&gt;
E             &lt;!--[if gt IE 8]&gt;&lt;!--&gt; &lt;html class="no-js" lang="en-US"&gt; &lt;!
E           assert 502 == 200
E            +  where 502 = &lt;Response [502]&gt;.status_code

tests/backend_test.py:859: AssertionError</failure></testcase><testcase classname="tests.backend_test.TestSendTracking" name="test_mark_whatsapp_and_link" time="0.490" /><testcase classname="tests.backend_test.TestSendTracking" name="test_mark_whatsapp_404" time="0.046" /><testcase classname="tests.backend_test.TestCalendario" name="test_recurrence_creates_weekly_slots" time="0.297" /><testcase classname="tests.backend_test.TestCalendario" name="test_single_slot_crud" time="0.390" /><testcase classname="tests.backend_test.TestCalendario" name="test_tecnico_cannot_create_for_other" time="1.253" /><testcase classname="tests.backend_test.TestCalendario" name="test_tecnico_cannot_edit_other_slot" time="0.841" /><testcase classname="tests.backend_test.TestPrenotazioni" name="test_prenota_flow" time="0.645" /><testcase classname="tests.backend_test.TestPrenotazioni" name="test_prenota_invalid_ids" time="0.290" /><testcase classname="tests.backend_test.TestLibroSoci" name="test_libro_soci_states_and_quota" time="0.325" /><testcase classname="tests.backend_test.TestLibroSoci" name="test_libro_soci_default_anno_and_tecnico_scope" time="0.753" /><testcase classname="tests.backend_test.TestErogazioneCompensi" name="test_eroga_creates_movimento_and_record" time="1.048" /><testcase classname="tests.backend_test.TestErogazioneCompensi" name="test_eroga_requires_admin_and_valid_tecnico" time="0.705" /><testcase classname="tests.backend_test.TestErogazioneCompensi" name="test_erogati_scoped_for_tecnico" time="0.653" /><testcase classname="tests.backend_test.TestExcelExport" name="test_export_excel_admin" time="0.190" /><testcase classname="tests.backend_test.TestExcelExport" name="test_export_excel_forbidden_for_tecnico" time="0.674" /><testcase classname="tests.backend_test.TestExcelExport" name="test_export_excel_unauthenticated" time="0.077" /><testcase classname="tests.backend_test.TestPresidentName" name="test_president_name_is_set" time="0.044" /><testcase classname="tests.backend_test.TestIter5PresidentName" name="test_get_organizzazione_president_name" time="0.082" /><testcase classname="tests.backend_test.TestIter5PresidentName" name="test_president_name_in_receipt_pdf" time="0.313" /><testcase classname="tests.backend_test.TestIter5PresidentName" name="test_migration_recreates_correct_name_on_fresh_doc" time="0.051" /><testcase classname="tests.backend_test.TestIter5CalendarValidation" name="test_non_iso_date_422" time="0.050" /><testcase classname="tests.backend_test.TestIter5CalendarValidation" name="test_bad_recurrence_end_422" time="0.046" /><testcase classname="tests.backend_test.TestIter5CalendarValidation" name="test_negative_durata_422" time="0.048" /><testcase classname="tests.backend_test.TestIter5CalendarValidation" name="test_zero_capacita_422" time="0.049" /><testcase classname="tests.backend_test.TestIter5CalendarValidation" name="test_negative_capacita_422" time="0.059" /><testcase classname="tests.backend_test.TestIter5CalendarValidation" name="test_no_slot_created_after_invalid_payloads" time="0.051" /><testcase classname="tests.backend_test.TestIter5CalendarValidation" name="test_valid_payload_still_works" time="0.192" /><testcase classname="tests.backend_test.TestIter5PrenotaAsync" name="test_five_bookings_under_2s_each" time="0.663" /><testcase classname="tests.backend_test.TestIter5CancelPrenotazione" name="test_cancel_not_booked_404_then_booked_200" time="0.492" /><testcase classname="tests.backend_test.TestIter5CancelPrenotazione" name="test_cancel_unknown_slot_404" time="0.092" /><testcase classname="tests.backend_test.TestIter5ErogaValidation" name="test_negative_importo_422" time="0.654" /><testcase classname="tests.backend_test.TestIter5ErogaValidation" name="test_zero_importo_422" time="0.619" /><testcase classname="tests.backend_test.TestIter5ErogaValidation" name="test_eroga_to_admin_422" time="0.119" /><testcase classname="tests.backend_test.TestIter5ErogaValidation" name="test_no_side_effects_from_invalid_eroga" time="0.052" /><testcase classname="tests.backend_test.TestIter5ErogaValidation" name="test_valid_eroga_still_200" time="0.751" /><testcase classname="tests.backend_test.TestIter6BackendHealth" name="test_pdf_utils_imports_all_generators" time="0.055" /><testcase classname="tests.backend_test.TestIter6BackendHealth" name="test_auth_me_unauthenticated_401" time="0.142" /><testcase classname="tests.backend_test.TestIter6BackendHealth" name="test_root_no_500" time="0.105" /><testcase classname="tests.backend_test.TestIter6BackendHealth" name="test_organizzazione_president_name" time="0.040" /><testcase classname="tests.backend_test.TestIter6LibroSociPdf" name="test_pdf_unauthenticated_401" time="0.072" /><testcase classname="tests.backend_test.TestIter6LibroSociPdf" name="test_admin_pdf_valid_and_headers" time="0.164" /><testcase classname="tests.backend_test.TestIter6LibroSociPdf" name="test_pdf_default_anno" time="0.090" /><testcase classname="tests.backend_test.TestIter6LibroSociPdf" name="test_pdf_stats_match_json" time="0.185" /><testcase classname="tests.backend_test.TestIter6LibroSociPdf" name="test_tecnico_pdf_scoped_to_own_tesserati" time="0.807" /><testcase classname="tests.backend_test.TestIter6LibroSociPdf" name="test_pdf_anno_without_data_still_valid" time="0.135" /><testcase classname="tests.backend_test.TestIter6PdfRegression" name="test_ricevuta_pdf_still_works" time="0.232" /><testcase classname="tests.backend_test.TestIter6PdfRegression" name="test_bilancio_pdf_still_works" time="0.062" /><testcase classname="tests.edge_test.TestCalendarioEdges" name="test_invalid_date_format" time="0.404" /><testcase classname="tests.edge_test.TestCalendarioEdges" name="test_invalid_ricorrenza_fino_al" time="0.078" /><testcase classname="tests.edge_test.TestCalendarioEdges" name="test_negative_capacita" time="0.080" /><testcase classname="tests.edge_test.TestCalendarioEdges" name="test_cancel_nonexistent_prenotazione" time="0.284" /><testcase classname="tests.edge_test.TestCalendarioEdges" name="test_tecnico_can_reassign_own_slot_to_other" time="1.361"><failure message="AssertionError: expected 403, got 200&#10;assert 200 == 403&#10; +  where 200 = &lt;Response [200]&gt;.status_code">self = &lt;edge_test.TestCalendarioEdges object at 0xff24e4de5f50&gt;
admin = &lt;requests.sessions.Session object at 0xff24e19b0d50&gt;
mk_tecnico = &lt;function mk_tecnico.&lt;locals&gt;._mk at 0xff24e19847c0&gt;

    def test_tecnico_can_reassign_own_slot_to_other(self, admin, mk_tecnico):  # noqa: F811
        s1, _ = mk_tecnico()
        _, u2 = mk_tecnico()
        sid = s1.post(f"{API}/calendario", json={"data": "2026-07-22", "ora": "18:00"},
                      timeout=30).json()["slots"][0]["id"]
        try:
            r = s1.patch(f"{API}/calendario/{sid}", json={"tecnico_id": u2["id"]}, timeout=30)
            print("tecnico reassign via PATCH -&gt;", r.status_code, r.text[:200])
&gt;           assert r.status_code == 403, f"expected 403, got {r.status_code}"
E           AssertionError: expected 403, got 200
E           assert 200 == 403
E            +  where 200 = &lt;Response [200]&gt;.status_code

tests/edge_test.py:51: AssertionError</failure></testcase><testcase classname="tests.edge_test.TestCompensiEdges" name="test_negative_importo" time="0.605" /><testcase classname="tests.edge_test.TestCompensiEdges" name="test_eroga_to_admin_user" time="0.152" /><testcase classname="tests.edge_test.TestPublicPdfEdges" name="test_public_endpoint_no_auth_leak" time="4.829" /></testsuite></testsuites>