<?xml version="1.0" encoding="utf-8"?><testsuites name="pytest tests"><testsuite name="pytest" errors="0" failures="0" skipped="0" tests="80" time="29.987" timestamp="2026-09-03T21:55:52.202600+00:00" hostname="agent-env-c393aa21-bf85-4a34-89db-451e4816e8c7"><testcase classname="tests.iter9_test.TestAuth" name="test_me_unauthenticated_401" time="0.240" /><testcase classname="tests.iter9_test.TestAuth" name="test_login_sets_httponly_cookies" time="0.376" /><testcase classname="tests.iter9_test.TestAuth" name="test_login_wrong_password_401" time="0.330" /><testcase classname="tests.iter9_test.TestCounters" name="test_get_counter_as_admin" time="0.414" /><testcase classname="tests.iter9_test.TestCounters" name="test_get_counter_unauth_401" time="0.103" /><testcase classname="tests.iter9_test.TestCounters" name="test_patch_counter_as_admin_roundtrip" time="0.249" /><testcase classname="tests.iter9_test.TestCounters" name="test_patch_counter_as_tecnico_403" time="0.951" /><testcase classname="tests.iter9_test.TestMainEndpoints" name="test_get_as_admin[/tesserati]" time="0.040" /><testcase classname="tests.iter9_test.TestMainEndpoints" name="test_get_as_admin[/ricevute]" time="0.037" /><testcase classname="tests.iter9_test.TestMainEndpoints" name="test_get_as_admin[/verbali]" time="0.081" /><testcase classname="tests.iter9_test.TestMainEndpoints" name="test_get_as_admin[/libro-soci]" time="0.054" /><testcase classname="tests.iter9_test.TestMainEndpoints" name="test_get_as_admin[/dashboard]" time="0.045" /><testcase classname="tests.iter9_test.TestMainEndpoints" name="test_get_as_admin[/calendario]" time="0.043" /><testcase classname="tests.iter9_test.TestMainEndpoints" name="test_get_as_admin[/compensi]" time="0.078" /><testcase classname="tests.iter9_test.TestMainEndpoints" name="test_get_as_admin[/compensi/erogati]" time="0.045" /><testcase classname="tests.iter9_test.TestMainEndpoints" name="test_get_as_admin[/abbonamenti]" time="0.037" /><testcase classname="tests.iter9_test.TestMainEndpoints" name="test_get_as_admin[/tipi-pacchetto]" time="0.037" /><testcase classname="tests.iter9_test.TestMainEndpoints" name="test_get_as_admin[/lezioni]" time="0.078" /><testcase classname="tests.iter9_test.TestMainEndpoints" name="test_get_as_admin[/movimenti]" time="0.051" /><testcase classname="tests.iter9_test.TestMainEndpoints" name="test_get_as_admin[/movimenti/riepilogo-mensile?year=2026]" time="0.082" /><testcase classname="tests.iter9_test.TestMainEndpoints" name="test_get_as_admin[/report/bilancio?date_from=2026-01-01&amp;date_to=2026-12-31]" time="0.037" /><testcase classname="tests.iter9_test.TestMainEndpoints" name="test_get_as_admin[/organizzazione]" time="0.105" /><testcase classname="tests.iter9_test.TestMainEndpoints" name="test_get_as_admin[/users]" time="0.050" /><testcase classname="tests.iter9_test.TestMainEndpoints" name="test_get_unauth_401[/tesserati]" time="0.063" /><testcase classname="tests.iter9_test.TestMainEndpoints" name="test_get_unauth_401[/ricevute]" time="0.098" /><testcase classname="tests.iter9_test.TestMainEndpoints" name="test_get_unauth_401[/verbali]" time="0.067" /><testcase classname="tests.iter9_test.TestMainEndpoints" name="test_get_unauth_401[/dashboard]" time="0.067" /><testcase classname="tests.iter9_test.TestMainEndpoints" name="test_get_unauth_401[/libro-soci]" time="0.065" /><testcase classname="tests.iter9_test.TestMainEndpoints" name="test_get_unauth_401[/compensi]" time="0.098" /><testcase classname="tests.iter9_test.TestMainEndpoints" name="test_get_unauth_401[/users]" time="0.168" /><testcase classname="tests.iter9_test.TestPortaleUnauth" name="test_bad_token_404" time="0.238" /><testcase classname="tests.iter9_test.TestPortaleUnauth" name="test_valid_token_public_access" time="0.331" /><testcase classname="tests.iter9_test.TestPdfSmoke" name="test_libro_soci_pdf" time="0.164" /><testcase classname="tests.iter9_test.TestPdfSmoke" name="test_bilancio_pdf" time="0.160" /><testcase classname="tests.iter9_test.TestLockout" name="test_lockout_after_5_failed_attempts" time="0.595" /><testcase classname="tests.iter9_test.TestLockout" name="test_admin_login_not_locked_after_cleanup" time="0.036" /><testcase classname="tests.iter7_test.TestCounters" name="test_get_counter" time="0.368" /><testcase classname="tests.iter7_test.TestCounters" name="test_get_counter_unauthenticated" time="0.092" /><testcase classname="tests.iter7_test.TestCounters" name="test_patch_counter_then_next_receipt_number" time="0.484" /><testcase classname="tests.iter7_test.TestCounters" name="test_patch_counter_negative_rejected" time="0.069" /><testcase classname="tests.iter7_test.TestCounters" name="test_patch_counter_tecnico_forbidden" time="0.681" /><testcase classname="tests.iter7_test.TestVerbaliCrud" name="test_full_crud" time="0.543" /><testcase classname="tests.iter7_test.TestVerbaliCrud" name="test_list_excludes_heavy_allegato" time="0.278" /><testcase classname="tests.iter7_test.TestVerbaliCrud" name="test_tecnico_cannot_write" time="0.976" /><testcase classname="tests.iter7_test.TestVerbaliCrud" name="test_unauthenticated_blocked" time="0.179" /><testcase classname="tests.iter7_test.TestVerbaliCrud" name="test_invalid_tipo_rejected" time="0.029" /><testcase classname="tests.iter7_test.TestVerbaliCrud" name="test_get_invalid_id" time="0.057" /><testcase classname="tests.iter7_test.TestVerbalePdf" name="test_pdf_content" time="0.404" /><testcase classname="tests.iter7_test.TestVerbalePdf" name="test_pdf_404" time="0.056" /><testcase classname="tests.iter7_test.TestVerbalePdf" name="test_pdf_unauthenticated" time="0.224" /><testcase classname="tests.iter7_test.TestCompensoPdf" name="test_pdf_as_admin" time="1.108" /><testcase classname="tests.iter7_test.TestCompensoPdf" name="test_pdf_as_own_tecnico" time="0.206" /><testcase classname="tests.iter7_test.TestCompensoPdf" name="test_pdf_other_tecnico_forbidden" time="0.686" /><testcase classname="tests.iter7_test.TestCompensoPdf" name="test_pdf_unauthenticated" time="0.073" /><testcase classname="tests.iter7_test.TestCompensoPdf" name="test_pdf_404" time="0.068" /><testcase classname="tests.iter7_test.TestCompensoPdf" name="test_erogati_tecnico_sees_only_own" time="0.783" /><testcase classname="tests.iter7_test.TestPortaleDashboard" name="test_create_returns_portale_token" time="0.070" /><testcase classname="tests.iter7_test.TestPortaleDashboard" name="test_dashboard_unauthenticated" time="0.224" /><testcase classname="tests.iter7_test.TestPortaleDashboard" name="test_dashboard_abbonamenti_lezioni_residue" time="0.248" /><testcase classname="tests.iter7_test.TestPortaleDashboard" name="test_invalid_token_404" time="0.261" /><testcase classname="tests.iter7_test.TestPortaleRicevute" name="test_only_own_and_not_annullate" time="0.702" /><testcase classname="tests.iter7_test.TestPortaleRicevute" name="test_pdf_download_and_isolation" time="0.828" /><testcase classname="tests.iter7_test.TestPortaleRicevute" name="test_pdf_after_delete_returns_404" time="0.300" /><testcase classname="tests.iter7_test.TestPortaleCalendario" name="test_window_and_flags" time="0.283" /><testcase classname="tests.iter7_test.TestPortaleCalendario" name="test_prenota_flow" time="0.414" /><testcase classname="tests.iter7_test.TestPortaleCalendario" name="test_calendario_500_when_slot_has_prenotazione" time="0.328" /><testcase classname="tests.iter7_test.TestPortaleCalendario" name="test_prenota_beyond_3_weeks_rejected" time="0.327" /><testcase classname="tests.iter7_test.TestPortaleCalendario" name="test_prenota_full_slot" time="0.382" /><testcase classname="tests.iter7_test.TestPortaleCalendario" name="test_prenota_bad_token_and_slot" time="0.279" /><testcase classname="tests.iter7_test.TestCronSolleciti" name="test_no_auth_header" time="0.071" /><testcase classname="tests.iter7_test.TestCronSolleciti" name="test_wrong_secret" time="0.075" /><testcase classname="tests.iter7_test.TestCronSolleciti" name="test_non_bearer_scheme" time="0.081" /><testcase classname="tests.iter7_test.TestCronSolleciti" name="test_valid_secret_acks" time="0.092" /><testcase classname="tests.iter7_test.TestCronSolleciti" name="test_functional_reminder_recorded_and_idempotent" time="7.207" /><testcase classname="tests.iter7_test.TestPortaleTokenMigration" name="test_all_tesserati_have_token" time="0.004" /><testcase classname="tests.iter7_test.TestPortaleTokenMigration" name="test_tokens_are_unique" time="0.003" /><testcase classname="tests.iter8_test.TestPortaleCalendarioFix" name="test_calendario_200_and_flags_before_and_after_booking" time="0.791" /><testcase classname="tests.iter8_test.TestPortaleCalendarioFix" name="test_gia_prenotato_isolated_between_tesserati" time="0.657" /><testcase classname="tests.iter8_test.TestPortaleCalendarioFix" name="test_calendario_after_cancel_flag_resets" time="0.356" /><testcase classname="tests.iter8_test.TestPortaleCalendarioFix" name="test_calendario_bad_token_404" time="2.806" /></testsuite></testsuites>