<?xml version="1.0" encoding="utf-8"?><testsuites name="pytest tests"><testsuite name="pytest" errors="0" failures="2" skipped="0" tests="40" time="21.796" timestamp="2026-09-03T19:39:15.970916+00:00" hostname="agent-env-c393aa21-bf85-4a34-89db-451e4816e8c7"><testcase classname="tests.iter7_test.TestCounters" name="test_get_counter" time="0.550" /><testcase classname="tests.iter7_test.TestCounters" name="test_get_counter_unauthenticated" time="0.198" /><testcase classname="tests.iter7_test.TestCounters" name="test_patch_counter_then_next_receipt_number" time="0.476" /><testcase classname="tests.iter7_test.TestCounters" name="test_patch_counter_negative_rejected" time="0.071" /><testcase classname="tests.iter7_test.TestCounters" name="test_patch_counter_tecnico_forbidden" time="0.653" /><testcase classname="tests.iter7_test.TestVerbaliCrud" name="test_full_crud" time="0.573" /><testcase classname="tests.iter7_test.TestVerbaliCrud" name="test_list_excludes_heavy_allegato" time="0.296" /><testcase classname="tests.iter7_test.TestVerbaliCrud" name="test_tecnico_cannot_write" time="0.927" /><testcase classname="tests.iter7_test.TestVerbaliCrud" name="test_unauthenticated_blocked" time="0.150" /><testcase classname="tests.iter7_test.TestVerbaliCrud" name="test_invalid_tipo_rejected" time="0.068" /><testcase classname="tests.iter7_test.TestVerbaliCrud" name="test_get_invalid_id" time="0.073" /><testcase classname="tests.iter7_test.TestVerbalePdf" name="test_pdf_content" time="0.193" /><testcase classname="tests.iter7_test.TestVerbalePdf" name="test_pdf_404" time="0.076" /><testcase classname="tests.iter7_test.TestVerbalePdf" name="test_pdf_unauthenticated" time="0.228" /><testcase classname="tests.iter7_test.TestCompensoPdf" name="test_pdf_as_admin" time="0.898" /><testcase classname="tests.iter7_test.TestCompensoPdf" name="test_pdf_as_own_tecnico" time="0.042" /><testcase classname="tests.iter7_test.TestCompensoPdf" name="test_pdf_other_tecnico_forbidden" time="0.679" /><testcase classname="tests.iter7_test.TestCompensoPdf" name="test_pdf_unauthenticated" time="0.078" /><testcase classname="tests.iter7_test.TestCompensoPdf" name="test_pdf_404" time="0.037" /><testcase classname="tests.iter7_test.TestCompensoPdf" name="test_erogati_tecnico_sees_only_own" time="0.729" /><testcase classname="tests.iter7_test.TestPortaleDashboard" name="test_create_returns_portale_token" time="0.074" /><testcase classname="tests.iter7_test.TestPortaleDashboard" name="test_dashboard_unauthenticated" time="0.149" /><testcase classname="tests.iter7_test.TestPortaleDashboard" name="test_dashboard_abbonamenti_lezioni_residue" time="0.280" /><testcase classname="tests.iter7_test.TestPortaleDashboard" name="test_invalid_token_404" time="0.287" /><testcase classname="tests.iter7_test.TestPortaleRicevute" name="test_only_own_and_not_annullate" time="0.756" /><testcase classname="tests.iter7_test.TestPortaleRicevute" name="test_pdf_download_and_isolation" time="0.687" /><testcase classname="tests.iter7_test.TestPortaleRicevute" name="test_pdf_after_delete_returns_404" time="0.314" /><testcase classname="tests.iter7_test.TestPortaleCalendario" name="test_window_and_flags" time="0.275"><failure message="AssertionError: Internal Server Error&#10;assert 500 == 200&#10; +  where 500 = &lt;Response [500]&gt;.status_code">E   AssertionError: Internal Server Error
    assert 500 == 200
     +  where 500 = &lt;Response [500]&gt;.status_code</failure></testcase><testcase classname="tests.iter7_test.TestPortaleCalendario" name="test_prenota_flow" time="0.449" /><testcase classname="tests.iter7_test.TestPortaleCalendario" name="test_calendario_500_when_slot_has_prenotazione" time="0.328"><failure message="AssertionError: calendario 500 after booking: 500&#10;assert 500 == 200&#10; +  where 500 = &lt;Response [500]&gt;.status_code">E   AssertionError: calendario 500 after booking: 500
    assert 500 == 200
     +  where 500 = &lt;Response [500]&gt;.status_code</failure></testcase><testcase classname="tests.iter7_test.TestPortaleCalendario" name="test_prenota_beyond_3_weeks_rejected" time="0.188" /><testcase classname="tests.iter7_test.TestPortaleCalendario" name="test_prenota_full_slot" time="0.383" /><testcase classname="tests.iter7_test.TestPortaleCalendario" name="test_prenota_bad_token_and_slot" time="0.374" /><testcase classname="tests.iter7_test.TestCronSolleciti" name="test_no_auth_header" time="0.510" /><testcase classname="tests.iter7_test.TestCronSolleciti" name="test_wrong_secret" time="0.088" /><testcase classname="tests.iter7_test.TestCronSolleciti" name="test_non_bearer_scheme" time="0.096" /><testcase classname="tests.iter7_test.TestCronSolleciti" name="test_valid_secret_acks" time="0.082" /><testcase classname="tests.iter7_test.TestCronSolleciti" name="test_functional_reminder_recorded_and_idempotent" time="7.285" /><testcase classname="tests.iter7_test.TestPortaleTokenMigration" name="test_all_tesserati_have_token" time="0.003" /><testcase classname="tests.iter7_test.TestPortaleTokenMigration" name="test_tokens_are_unique" time="2.114" /></testsuite></testsuites>