<?xml version="1.0" encoding="utf-8"?><testsuites name="pytest tests"><testsuite name="pytest" errors="0" failures="0" skipped="0" tests="4" time="2.879" timestamp="2026-09-03T19:43:26.350250+00:00" hostname="agent-env-c393aa21-bf85-4a34-89db-451e4816e8c7"><testcase classname="tests.iter8_test.TestPortaleCalendarioFix" name="test_calendario_200_and_flags_before_and_after_booking" time="1.178" /><testcase classname="tests.iter8_test.TestPortaleCalendarioFix" name="test_gia_prenotato_isolated_between_tesserati" time="0.486" /><testcase classname="tests.iter8_test.TestPortaleCalendarioFix" name="test_calendario_after_cancel_flag_resets" time="0.475" /><testcase classname="tests.iter8_test.TestPortaleCalendarioFix" name="test_calendario_bad_token_404" time="0.684" /></testsuite></testsuites>