<?xml version="1.0" encoding="utf-8"?><testsuites name="pytest tests"><testsuite name="pytest" errors="0" failures="0" skipped="0" tests="29" time="6.172" timestamp="2026-09-04T15:17:39.840378+00:00" hostname="agent-env-c393aa21-bf85-4a34-89db-451e4816e8c7"><testcase classname="tests.iter11_test.TestOrganizzazione" name="test_get_org_has_new_fields" time="0.551" /><testcase classname="tests.iter11_test.TestOrganizzazione" name="test_toggle_auto_ricevuta_persists" time="0.256" /><testcase classname="tests.iter11_test.TestOrganizzazione" name="test_upload_secretary_signature" time="0.100" /><testcase classname="tests.iter11_test.TestAbbonamentoMultiItem" name="test_create_multi_item_movimenti_and_quota" time="0.311" /><testcase classname="tests.iter11_test.TestAbbonamentoMultiItem" name="test_quota_not_downgrading_existing_newer_scadenza" time="0.271" /><testcase classname="tests.iter11_test.TestAbbonamentoMultiItem" name="test_create_with_crea_ricevuta_true" time="0.307" /><testcase classname="tests.iter11_test.TestAbbonamentoMultiItem" name="test_auto_ricevuta_from_org_setting" time="0.320" /><testcase classname="tests.iter11_test.TestAbbonamentoAdminEdit" name="test_patch_items_only_recomputes_prezzo" time="0.304" /><testcase classname="tests.iter11_test.TestAbbonamentoAdminEdit" name="test_patch_all_admin_fields" time="0.230" /><testcase classname="tests.iter11_test.TestAbbonamentoAdminEdit" name="test_tecnico_cannot_patch_items_or_tesserato" time="0.897" /><testcase classname="tests.iter11_test.TestAbbonamentoAdminEdit" name="test_tecnico_cannot_delete" time="0.175" /><testcase classname="tests.iter11_test.TestAbbonamentoAdminEdit" name="test_delete_removes_movimenti_and_unlinks_ricevuta" time="0.362" /><testcase classname="tests.iter11_test.TestAbbonamentoAdminEdit" name="test_genera_ricevuta_endpoint" time="0.391" /><testcase classname="tests.iter11_test.TestCompensi" name="test_compensi_fields" time="0.052" /><testcase classname="tests.iter11_test.TestCompensi" name="test_erogazione_updates_da_erogare_and_pdf_2_pages" time="0.444" /><testcase classname="tests.iter11_test.TestVerbali" name="test_create_with_new_fields_and_pdf" time="0.308" /><testcase classname="tests.iter11_test.TestRegression" name="test_get_ok[/tesserati]" time="0.044" /><testcase classname="tests.iter11_test.TestRegression" name="test_get_ok[/abbonamenti]" time="0.055" /><testcase classname="tests.iter11_test.TestRegression" name="test_get_ok[/ricevute]" time="0.084" /><testcase classname="tests.iter11_test.TestRegression" name="test_get_ok[/movimenti]" time="0.046" /><testcase classname="tests.iter11_test.TestRegression" name="test_get_ok[/verbali]" time="0.089" /><testcase classname="tests.iter11_test.TestRegression" name="test_get_ok[/libro-soci]" time="0.048" /><testcase classname="tests.iter11_test.TestRegression" name="test_get_ok[/calendario]" time="0.044" /><testcase classname="tests.iter11_test.TestRegression" name="test_get_ok[/dashboard]" time="0.048" /><testcase classname="tests.iter11_test.TestRegression" name="test_get_ok[/tipi-pacchetto]" time="0.045" /><testcase classname="tests.iter11_test.TestRegression" name="test_get_ok[/abbonamenti-per-cliente]" time="0.054" /><testcase classname="tests.iter11_test.TestRegression" name="test_get_ok[/compensi/erogati]" time="0.043" /><testcase classname="tests.iter11_test.TestRegression" name="test_get_ok[/users]" time="0.052" /><testcase classname="tests.iter11_test.TestRegression" name="test_report_bilancio" time="0.175" /></testsuite></testsuites>