<?xml version="1.0" encoding="utf-8"?><testsuites name="pytest tests"><testsuite name="pytest" errors="0" failures="0" skipped="0" tests="36" time="5.300" timestamp="2026-09-03T21:29:09.532661+00:00" hostname="agent-env-c393aa21-bf85-4a34-89db-451e4816e8c7"><testcase classname="tests.iter9_test.TestAuth" name="test_me_unauthenticated_401" time="0.175" /><testcase classname="tests.iter9_test.TestAuth" name="test_login_sets_httponly_cookies" time="0.387" /><testcase classname="tests.iter9_test.TestAuth" name="test_login_wrong_password_401" time="0.295" /><testcase classname="tests.iter9_test.TestCounters" name="test_get_counter_as_admin" time="0.376" /><testcase classname="tests.iter9_test.TestCounters" name="test_get_counter_unauth_401" time="0.067" /><testcase classname="tests.iter9_test.TestCounters" name="test_patch_counter_as_admin_roundtrip" time="0.364" /><testcase classname="tests.iter9_test.TestCounters" name="test_patch_counter_as_tecnico_403" time="0.761" /><testcase classname="tests.iter9_test.TestMainEndpoints" name="test_get_as_admin[/tesserati]" time="0.047" /><testcase classname="tests.iter9_test.TestMainEndpoints" name="test_get_as_admin[/ricevute]" time="0.033" /><testcase classname="tests.iter9_test.TestMainEndpoints" name="test_get_as_admin[/verbali]" time="0.046" /><testcase classname="tests.iter9_test.TestMainEndpoints" name="test_get_as_admin[/libro-soci]" time="0.046" /><testcase classname="tests.iter9_test.TestMainEndpoints" name="test_get_as_admin[/dashboard]" time="0.081" /><testcase classname="tests.iter9_test.TestMainEndpoints" name="test_get_as_admin[/calendario]" time="0.034" /><testcase classname="tests.iter9_test.TestMainEndpoints" name="test_get_as_admin[/compensi]" time="0.074" /><testcase classname="tests.iter9_test.TestMainEndpoints" name="test_get_as_admin[/compensi/erogati]" time="0.072" /><testcase classname="tests.iter9_test.TestMainEndpoints" name="test_get_as_admin[/abbonamenti]" time="0.076" /><testcase classname="tests.iter9_test.TestMainEndpoints" name="test_get_as_admin[/tipi-pacchetto]" time="0.076" /><testcase classname="tests.iter9_test.TestMainEndpoints" name="test_get_as_admin[/lezioni]" time="0.080" /><testcase classname="tests.iter9_test.TestMainEndpoints" name="test_get_as_admin[/movimenti]" time="0.034" /><testcase classname="tests.iter9_test.TestMainEndpoints" name="test_get_as_admin[/movimenti/riepilogo-mensile?year=2026]" time="0.072" /><testcase classname="tests.iter9_test.TestMainEndpoints" name="test_get_as_admin[/report/bilancio?date_from=2026-01-01&amp;date_to=2026-12-31]" time="0.034" /><testcase classname="tests.iter9_test.TestMainEndpoints" name="test_get_as_admin[/organizzazione]" time="0.071" /><testcase classname="tests.iter9_test.TestMainEndpoints" name="test_get_as_admin[/users]" time="0.076" /><testcase classname="tests.iter9_test.TestMainEndpoints" name="test_get_unauth_401[/tesserati]" time="0.070" /><testcase classname="tests.iter9_test.TestMainEndpoints" name="test_get_unauth_401[/ricevute]" time="0.077" /><testcase classname="tests.iter9_test.TestMainEndpoints" name="test_get_unauth_401[/verbali]" time="0.068" /><testcase classname="tests.iter9_test.TestMainEndpoints" name="test_get_unauth_401[/dashboard]" time="0.077" /><testcase classname="tests.iter9_test.TestMainEndpoints" name="test_get_unauth_401[/libro-soci]" time="0.064" /><testcase classname="tests.iter9_test.TestMainEndpoints" name="test_get_unauth_401[/compensi]" time="0.096" /><testcase classname="tests.iter9_test.TestMainEndpoints" name="test_get_unauth_401[/users]" time="0.065" /><testcase classname="tests.iter9_test.TestPortaleUnauth" name="test_bad_token_404" time="0.208" /><testcase classname="tests.iter9_test.TestPortaleUnauth" name="test_valid_token_public_access" time="0.259" /><testcase classname="tests.iter9_test.TestPdfSmoke" name="test_libro_soci_pdf" time="0.053" /><testcase classname="tests.iter9_test.TestPdfSmoke" name="test_bilancio_pdf" time="0.042" /><testcase classname="tests.iter9_test.TestLockout" name="test_lockout_after_5_failed_attempts" time="0.728" /><testcase classname="tests.iter9_test.TestLockout" name="test_admin_login_not_locked_after_cleanup" time="0.030" /></testsuite></testsuites>