<?xml version="1.0" encoding="utf-8"?><testsuites name="pytest tests"><testsuite name="pytest" errors="0" failures="0" skipped="0" tests="45" time="23.392" timestamp="2026-09-03T12:25:47.434870+00:00" hostname="agent-env-c393aa21-bf85-4a34-89db-451e4816e8c7"><testcase classname="tests.backend_test.TestAuth" name="test_login_admin" time="0.595" /><testcase classname="tests.backend_test.TestAuth" name="test_me" time="0.508" /><testcase classname="tests.backend_test.TestAuth" name="test_login_wrong_password" time="0.334" /><testcase classname="tests.backend_test.TestAuth" name="test_unauthenticated_401" time="0.089" /><testcase classname="tests.backend_test.TestAuth" name="test_bearer_token_auth" time="0.533" /><testcase classname="tests.backend_test.TestAuth" name="test_bcrypt_hash_format" time="0.016" /><testcase classname="tests.backend_test.TestAuth" name="test_brute_force_lockout" time="0.559" /><testcase classname="tests.backend_test.TestAuth" name="test_brute_force_lockout_admin_email" time="2.228" /><testcase classname="tests.backend_test.TestAuth" name="test_logout" time="0.431" /><testcase classname="tests.backend_test.TestCors" name="test_cors_app_level_explicit_origin" time="0.002" /><testcase classname="tests.backend_test.TestCors" name="test_cors_public_url_headers" time="0.116" /><testcase classname="tests.backend_test.TestUsers" name="test_tecnico_can_list_users" time="0.648" /><testcase classname="tests.backend_test.TestUsers" name="test_duplicate_email_409" time="0.709" /><testcase classname="tests.backend_test.TestUsers" name="test_role_protection" time="0.716" /><testcase classname="tests.backend_test.TestTesserati" name="test_numero_tessera_crud" time="0.315" /><testcase classname="tests.backend_test.TestTesserati" name="test_numero_tessera_optional" time="0.045" /><testcase classname="tests.backend_test.TestTesserati" name="test_bad_id_400" time="0.041" /><testcase classname="tests.backend_test.TestOrganizzazione" name="test_signature_and_logo" time="0.814" /><testcase classname="tests.backend_test.TestTipiPacchetto" name="test_list_not_empty_and_shape" time="0.045" /><testcase classname="tests.backend_test.TestTipiPacchetto" name="test_esclude_da_compensi_flag" time="0.231" /><testcase classname="tests.backend_test.TestRicevutaAttribuzione" name="test_admin_attributes_to_tecnico" time="2.149" /><testcase classname="tests.backend_test.TestRicevutaAttribuzione" name="test_tecnico_cannot_attribute_to_other" time="1.361" /><testcase classname="tests.backend_test.TestRicevutaAttribuzione" name="test_create_invalid_tesserato_404" time="0.045" /><testcase classname="tests.backend_test.TestCompensi" name="test_item_exclusion_math" time="0.823" /><testcase classname="tests.backend_test.TestRicevutaNumerazione" name="test_delete_last_decrements_counter" time="0.822" /><testcase classname="tests.backend_test.TestRicevutaNumerazione" name="test_delete_nonexistent_404" time="0.068" /><testcase classname="tests.backend_test.TestRicevutaNumerazione" name="test_numero_riutilizzabile_is_bool_without_counter" time="0.135" /><testcase classname="tests.backend_test.TestRicevutaNumerazione" name="test_tecnico_cannot_delete" time="0.800" /><testcase classname="tests.backend_test.TestPdf" name="test_ricevuta_pdf_with_cookie_and_without" time="0.386" /><testcase classname="tests.backend_test.TestPdf" name="test_bilancio_pdf" time="0.051" /><testcase classname="tests.backend_test.TestPdf" name="test_bilancio_json" time="0.046" /><testcase classname="tests.backend_test.TestPdf" name="test_bilancio_missing_params_422" time="0.044" /><testcase classname="tests.backend_test.TestPdf" name="test_pdf_resilient_to_corrupt_images" time="0.769" /><testcase classname="tests.backend_test.TestLezioniCollettive" name="test_multi_partecipanti_decrement" time="1.653" /><testcase classname="tests.backend_test.TestLezioniCollettive" name="test_abbonamento_esaurito_400" time="0.328" /><testcase classname="tests.backend_test.TestLezioniCollettive" name="test_lezione_no_partecipanti_400" time="0.083" /><testcase classname="tests.backend_test.TestLezioniCollettive" name="test_lezione_invalid_abbonamento_404" time="0.044" /><testcase classname="tests.backend_test.TestLezioniCollettive" name="test_storico_invalid_404" time="0.079" /><testcase classname="tests.backend_test.TestMovimenti" name="test_crud_and_filter" time="0.326" /><testcase classname="tests.backend_test.TestMovimenti" name="test_riepilogo_mensile" time="0.172" /><testcase classname="tests.backend_test.TestMovimenti" name="test_riepilogo_missing_year_422" time="0.040" /><testcase classname="tests.backend_test.TestMovimenti" name="test_tecnico_movimenti_filtered" time="0.842" /><testcase classname="tests.backend_test.TestDashboard" name="test_admin_dashboard" time="0.085" /><testcase classname="tests.backend_test.TestDashboard" name="test_tecnico_dashboard_scoped" time="0.890" /><testcase classname="tests.backend_test.TestEmail" name="test_send_email_with_pdf" time="2.214" /></testsuite></testsuites>