<?xml version="1.0" encoding="utf-8"?><testsuites name="pytest tests"><testsuite name="pytest" errors="0" failures="0" skipped="0" tests="96" time="46.974" timestamp="2026-09-03T14:55:07.883067+00:00" hostname="agent-env-c393aa21-bf85-4a34-89db-451e4816e8c7"><testcase classname="tests.backend_test.TestAuth" name="test_login_admin" time="0.469" /><testcase classname="tests.backend_test.TestAuth" name="test_me" time="0.442" /><testcase classname="tests.backend_test.TestAuth" name="test_login_wrong_password" time="0.328" /><testcase classname="tests.backend_test.TestAuth" name="test_unauthenticated_401" time="0.109" /><testcase classname="tests.backend_test.TestAuth" name="test_bearer_token_auth" time="0.426" /><testcase classname="tests.backend_test.TestAuth" name="test_bcrypt_hash_format" time="0.015" /><testcase classname="tests.backend_test.TestAuth" name="test_brute_force_lockout" time="0.566" /><testcase classname="tests.backend_test.TestAuth" name="test_brute_force_lockout_admin_email" time="2.478" /><testcase classname="tests.backend_test.TestAuth" name="test_logout" time="0.519" /><testcase classname="tests.backend_test.TestCors" name="test_cors_app_level_explicit_origin" time="0.002" /><testcase classname="tests.backend_test.TestCors" name="test_cors_public_url_headers" time="0.114" /><testcase classname="tests.backend_test.TestUsers" name="test_tecnico_can_list_users" time="0.692" /><testcase classname="tests.backend_test.TestUsers" name="test_duplicate_email_409" time="0.674" /><testcase classname="tests.backend_test.TestUsers" name="test_role_protection" time="0.806" /><testcase classname="tests.backend_test.TestTesserati" name="test_numero_tessera_crud" time="0.438" /><testcase classname="tests.backend_test.TestTesserati" name="test_numero_tessera_optional" time="0.083" /><testcase classname="tests.backend_test.TestTesserati" name="test_bad_id_400" time="0.042" /><testcase classname="tests.backend_test.TestOrganizzazione" name="test_signature_and_logo" time="0.947" /><testcase classname="tests.backend_test.TestTipiPacchetto" name="test_list_not_empty_and_shape" time="0.047" /><testcase classname="tests.backend_test.TestTipiPacchetto" name="test_esclude_da_compensi_flag" time="0.363" /><testcase classname="tests.backend_test.TestRicevutaAttribuzione" name="test_admin_attributes_to_tecnico" time="2.199" /><testcase classname="tests.backend_test.TestRicevutaAttribuzione" name="test_tecnico_cannot_attribute_to_other" time="1.382" /><testcase classname="tests.backend_test.TestRicevutaAttribuzione" name="test_create_invalid_tesserato_404" time="0.073" /><testcase classname="tests.backend_test.TestCompensi" name="test_item_exclusion_math" time="0.932" /><testcase classname="tests.backend_test.TestRicevutaNumerazione" name="test_delete_last_decrements_counter" time="1.091" /><testcase classname="tests.backend_test.TestRicevutaNumerazione" name="test_delete_nonexistent_404" time="0.074" /><testcase classname="tests.backend_test.TestRicevutaNumerazione" name="test_numero_riutilizzabile_is_bool_without_counter" time="0.222" /><testcase classname="tests.backend_test.TestRicevutaNumerazione" name="test_tecnico_cannot_delete" time="0.924" /><testcase classname="tests.backend_test.TestPdf" name="test_ricevuta_pdf_with_cookie_and_without" time="0.523" /><testcase classname="tests.backend_test.TestPdf" name="test_bilancio_pdf" time="0.044" /><testcase classname="tests.backend_test.TestPdf" name="test_bilancio_json" time="0.077" /><testcase classname="tests.backend_test.TestPdf" name="test_bilancio_missing_params_422" time="0.072" /><testcase classname="tests.backend_test.TestPdf" name="test_pdf_resilient_to_corrupt_images" time="0.968" /><testcase classname="tests.backend_test.TestLezioniCollettive" name="test_multi_partecipanti_decrement" time="1.905" /><testcase classname="tests.backend_test.TestLezioniCollettive" name="test_abbonamento_esaurito_400" time="0.432" /><testcase classname="tests.backend_test.TestLezioniCollettive" name="test_lezione_no_partecipanti_400" time="0.075" /><testcase classname="tests.backend_test.TestLezioniCollettive" name="test_lezione_invalid_abbonamento_404" time="0.079" /><testcase classname="tests.backend_test.TestLezioniCollettive" name="test_storico_invalid_404" time="0.082" /><testcase classname="tests.backend_test.TestMovimenti" name="test_crud_and_filter" time="0.480" /><testcase classname="tests.backend_test.TestMovimenti" name="test_riepilogo_mensile" time="0.167" /><testcase classname="tests.backend_test.TestMovimenti" name="test_riepilogo_missing_year_422" time="0.078" /><testcase classname="tests.backend_test.TestMovimenti" name="test_tecnico_movimenti_filtered" time="0.954" /><testcase classname="tests.backend_test.TestDashboard" name="test_admin_dashboard" time="0.083" /><testcase classname="tests.backend_test.TestDashboard" name="test_tecnico_dashboard_scoped" time="0.987" /><testcase classname="tests.backend_test.TestEmail" name="test_send_email_with_pdf" time="0.742" /><testcase classname="tests.backend_test.TestPublicReceiptPdf" name="test_public_pdf_unauthenticated" time="0.304" /><testcase classname="tests.backend_test.TestPublicReceiptPdf" name="test_public_pdf_invalid_token_404" time="0.103" /><testcase classname="tests.backend_test.TestPublicReceiptPdf" name="test_public_pdf_after_delete_404" time="0.284" /><testcase classname="tests.backend_test.TestSendTracking" name="test_email_tracking_fields" time="0.734" /><testcase classname="tests.backend_test.TestSendTracking" name="test_mark_whatsapp_and_link" time="0.517" /><testcase classname="tests.backend_test.TestSendTracking" name="test_mark_whatsapp_404" time="0.039" /><testcase classname="tests.backend_test.TestCalendario" name="test_recurrence_creates_weekly_slots" time="0.414" /><testcase classname="tests.backend_test.TestCalendario" name="test_single_slot_crud" time="0.459" /><testcase classname="tests.backend_test.TestCalendario" name="test_tecnico_cannot_create_for_other" time="1.282" /><testcase classname="tests.backend_test.TestCalendario" name="test_tecnico_cannot_edit_other_slot" time="0.849" /><testcase classname="tests.backend_test.TestPrenotazioni" name="test_prenota_flow" time="0.814" /><testcase classname="tests.backend_test.TestPrenotazioni" name="test_prenota_invalid_ids" time="0.358" /><testcase classname="tests.backend_test.TestLibroSoci" name="test_libro_soci_states_and_quota" time="0.350" /><testcase classname="tests.backend_test.TestLibroSoci" name="test_libro_soci_default_anno_and_tecnico_scope" time="0.844" /><testcase classname="tests.backend_test.TestErogazioneCompensi" name="test_eroga_creates_movimento_and_record" time="1.169" /><testcase classname="tests.backend_test.TestErogazioneCompensi" name="test_eroga_requires_admin_and_valid_tecnico" time="0.833" /><testcase classname="tests.backend_test.TestErogazioneCompensi" name="test_erogati_scoped_for_tecnico" time="0.701" /><testcase classname="tests.backend_test.TestExcelExport" name="test_export_excel_admin" time="0.060" /><testcase classname="tests.backend_test.TestExcelExport" name="test_export_excel_forbidden_for_tecnico" time="0.671" /><testcase classname="tests.backend_test.TestExcelExport" name="test_export_excel_unauthenticated" time="0.098" /><testcase classname="tests.backend_test.TestPresidentName" name="test_president_name_is_set" time="0.030" /><testcase classname="tests.backend_test.TestIter5PresidentName" name="test_get_organizzazione_president_name" time="0.074" /><testcase classname="tests.backend_test.TestIter5PresidentName" name="test_president_name_in_receipt_pdf" time="0.280" /><testcase classname="tests.backend_test.TestIter5PresidentName" name="test_migration_recreates_correct_name_on_fresh_doc" time="0.047" /><testcase classname="tests.backend_test.TestIter5CalendarValidation" name="test_non_iso_date_422" time="0.074" /><testcase classname="tests.backend_test.TestIter5CalendarValidation" name="test_bad_recurrence_end_422" time="0.072" /><testcase classname="tests.backend_test.TestIter5CalendarValidation" name="test_negative_durata_422" time="0.076" /><testcase classname="tests.backend_test.TestIter5CalendarValidation" name="test_zero_capacita_422" time="0.061" /><testcase classname="tests.backend_test.TestIter5CalendarValidation" name="test_negative_capacita_422" time="0.078" /><testcase classname="tests.backend_test.TestIter5CalendarValidation" name="test_no_slot_created_after_invalid_payloads" time="0.074" /><testcase classname="tests.backend_test.TestIter5CalendarValidation" name="test_valid_payload_still_works" time="0.159" /><testcase classname="tests.backend_test.TestIter5PrenotaAsync" name="test_five_bookings_under_2s_each" time="0.969" /><testcase classname="tests.backend_test.TestIter5CancelPrenotazione" name="test_cancel_not_booked_404_then_booked_200" time="0.645" /><testcase classname="tests.backend_test.TestIter5CancelPrenotazione" name="test_cancel_unknown_slot_404" time="0.159" /><testcase classname="tests.backend_test.TestIter5ErogaValidation" name="test_negative_importo_422" time="0.655" /><testcase classname="tests.backend_test.TestIter5ErogaValidation" name="test_zero_importo_422" time="0.683" /><testcase classname="tests.backend_test.TestIter5ErogaValidation" name="test_eroga_to_admin_422" time="0.157" /><testcase classname="tests.backend_test.TestIter5ErogaValidation" name="test_no_side_effects_from_invalid_eroga" time="0.080" /><testcase classname="tests.backend_test.TestIter5ErogaValidation" name="test_valid_eroga_still_200" time="0.847" /><testcase classname="tests.backend_test.TestIter6BackendHealth" name="test_pdf_utils_imports_all_generators" time="0.055" /><testcase classname="tests.backend_test.TestIter6BackendHealth" name="test_auth_me_unauthenticated_401" time="0.073" /><testcase classname="tests.backend_test.TestIter6BackendHealth" name="test_root_no_500" time="0.092" /><testcase classname="tests.backend_test.TestIter6BackendHealth" name="test_organizzazione_president_name" time="0.038" /><testcase classname="tests.backend_test.TestIter6LibroSociPdf" name="test_pdf_unauthenticated_401" time="0.102" /><testcase classname="tests.backend_test.TestIter6LibroSociPdf" name="test_admin_pdf_valid_and_headers" time="0.149" /><testcase classname="tests.backend_test.TestIter6LibroSociPdf" name="test_pdf_default_anno" time="0.078" /><testcase classname="tests.backend_test.TestIter6LibroSociPdf" name="test_pdf_stats_match_json" time="0.151" /><testcase classname="tests.backend_test.TestIter6LibroSociPdf" name="test_tecnico_pdf_scoped_to_own_tesserati" time="0.711" /><testcase classname="tests.backend_test.TestIter6LibroSociPdf" name="test_pdf_anno_without_data_still_valid" time="0.117" /><testcase classname="tests.backend_test.TestIter6PdfRegression" name="test_ricevuta_pdf_still_works" time="0.240" /><testcase classname="tests.backend_test.TestIter6PdfRegression" name="test_bilancio_pdf_still_works" time="4.755" /></testsuite></testsuites>